android-twa/app/build/intermediates/manifest_merge_blame_file/release/manifest-merger-blame-release-report.txt
1<?xml version="1.0" encoding="utf-8"?>
2<manifest xmlns:android="http://schemas.android.com/apk/res/android"
3    package="com.doerfelverse.twa"
4    android:versionCode="2"
5    android:versionName="1.1" >
6
7    <uses-sdk
8        android:minSdkVersion="21"
9        android:targetSdkVersion="34" />
10
11    <uses-permission android:name="android.permission.INTERNET" />
11-->src/main/AndroidManifest.xml:5:5-67
11-->src/main/AndroidManifest.xml:5:22-64
12    <uses-permission android:name="android.permission.ACCESS_NETWORK_STATE" />
12-->src/main/AndroidManifest.xml:6:5-79
12-->src/main/AndroidManifest.xml:6:22-76
13    <uses-permission android:name="android.permission.WAKE_LOCK" />
13-->src/main/AndroidManifest.xml:7:5-68
13-->src/main/AndroidManifest.xml:7:22-65
14
15    <queries>
15-->[com.google.androidbrowserhelper:androidbrowserhelper:2.5.0] AndroidManifest.xml:26:5-34:15
16        <intent>
16-->[com.google.androidbrowserhelper:androidbrowserhelper:2.5.0] AndroidManifest.xml:27:9-33:18
17            <action android:name="android.intent.action.VIEW" />
17-->src/main/AndroidManifest.xml:29:17-69
17-->src/main/AndroidManifest.xml:29:25-66
18
19            <category android:name="android.intent.category.BROWSABLE" />
19-->src/main/AndroidManifest.xml:31:17-78
19-->src/main/AndroidManifest.xml:31:27-75
20
21            <data android:scheme="https" />
21-->src/main/AndroidManifest.xml:32:17-33:56
21-->src/main/AndroidManifest.xml:32:23-45
22        </intent>
23    </queries>
24
25    <permission
25-->[androidx.core:core:1.10.1] AndroidManifest.xml:22:5-24:47
26        android:name="com.doerfelverse.twa.DYNAMIC_RECEIVER_NOT_EXPORTED_PERMISSION"
26-->[androidx.core:core:1.10.1] AndroidManifest.xml:23:9-81
27        android:protectionLevel="signature" />
27-->[androidx.core:core:1.10.1] AndroidManifest.xml:24:9-44
28
29    <uses-permission android:name="com.doerfelverse.twa.DYNAMIC_RECEIVER_NOT_EXPORTED_PERMISSION" />
29-->[androidx.core:core:1.10.1] AndroidManifest.xml:26:5-97
29-->[androidx.core:core:1.10.1] AndroidManifest.xml:26:22-94
30
31    <application
31-->src/main/AndroidManifest.xml:9:5-56:19
32        android:allowBackup="true"
32-->src/main/AndroidManifest.xml:10:9-35
33        android:appComponentFactory="androidx.core.app.CoreComponentFactory"
33-->[androidx.core:core:1.10.1] AndroidManifest.xml:28:18-86
34        android:dataExtractionRules="@xml/data_extraction_rules"
34-->src/main/AndroidManifest.xml:11:9-65
35        android:extractNativeLibs="true"
36        android:fullBackupContent="@xml/backup_rules"
36-->src/main/AndroidManifest.xml:12:9-54
37        android:icon="@mipmap/ic_launcher"
37-->src/main/AndroidManifest.xml:13:9-43
38        android:label="@string/app_name"
38-->src/main/AndroidManifest.xml:14:9-41
39        android:roundIcon="@mipmap/ic_launcher_round"
39-->src/main/AndroidManifest.xml:15:9-54
40        android:supportsRtl="true"
40-->src/main/AndroidManifest.xml:16:9-35
41        android:theme="@style/Theme.DoerfelVerseTWA" >
41-->src/main/AndroidManifest.xml:17:9-53
42        <activity
42-->src/main/AndroidManifest.xml:20:9-44:20
43            android:name="com.google.androidbrowserhelper.trusted.LauncherActivity"
43-->src/main/AndroidManifest.xml:21:13-84
44            android:exported="true"
44-->src/main/AndroidManifest.xml:22:13-36
45            android:launchMode="singleTask" >
45-->src/main/AndroidManifest.xml:23:13-44
46            <intent-filter>
46-->src/main/AndroidManifest.xml:24:13-27:29
47                <action android:name="android.intent.action.MAIN" />
47-->src/main/AndroidManifest.xml:25:17-69
47-->src/main/AndroidManifest.xml:25:25-66
48
49                <category android:name="android.intent.category.LAUNCHER" />
49-->src/main/AndroidManifest.xml:26:17-77
49-->src/main/AndroidManifest.xml:26:27-74
50            </intent-filter>
51            <intent-filter>
51-->src/main/AndroidManifest.xml:28:13-34:29
52                <action android:name="android.intent.action.VIEW" />
52-->src/main/AndroidManifest.xml:29:17-69
52-->src/main/AndroidManifest.xml:29:25-66
53
54                <category android:name="android.intent.category.DEFAULT" />
54-->src/main/AndroidManifest.xml:30:17-76
54-->src/main/AndroidManifest.xml:30:27-73
55                <category android:name="android.intent.category.BROWSABLE" />
55-->src/main/AndroidManifest.xml:31:17-78
55-->src/main/AndroidManifest.xml:31:27-75
56
57                <data
57-->src/main/AndroidManifest.xml:32:17-33:56
58                    android:host="re.podtards.com"
58-->src/main/AndroidManifest.xml:33:23-53
59                    android:scheme="https" />
59-->src/main/AndroidManifest.xml:32:23-45
60            </intent-filter>
61
62            <meta-data
62-->src/main/AndroidManifest.xml:35:13-37:59
63                android:name="android.support.customtabs.trusted.DEFAULT_URL"
63-->src/main/AndroidManifest.xml:36:17-78
64                android:value="https://re.podtards.com" />
64-->src/main/AndroidManifest.xml:37:17-56
65            <meta-data
65-->src/main/AndroidManifest.xml:38:13-40:58
66                android:name="android.support.customtabs.trusted.STATUS_BAR_COLOR"
66-->src/main/AndroidManifest.xml:39:17-83
67                android:resource="@color/colorPrimary" />
67-->src/main/AndroidManifest.xml:40:17-55
68            <meta-data
68-->src/main/AndroidManifest.xml:41:13-43:58
69                android:name="android.support.customtabs.trusted.NAVIGATION_BAR_COLOR"
69-->src/main/AndroidManifest.xml:42:17-87
70                android:resource="@color/colorPrimary" />
70-->src/main/AndroidManifest.xml:43:17-55
71        </activity>
72
73        <provider
74            android:name="com.google.androidbrowserhelper.trusted.WebViewAssetLoader"
74-->src/main/AndroidManifest.xml:47:13-86
75            android:authorities="com.doerfelverse.twa.assetloader"
75-->src/main/AndroidManifest.xml:48:13-63
76            android:exported="false"
76-->src/main/AndroidManifest.xml:49:13-37
77            android:grantUriPermissions="true" >
77-->src/main/AndroidManifest.xml:50:13-47
78            <meta-data
78-->src/main/AndroidManifest.xml:51:13-53:63
79                android:name="assetStatements"
79-->src/main/AndroidManifest.xml:52:17-47
80                android:resource="@string/asset_statements" />
80-->src/main/AndroidManifest.xml:53:17-60
81        </provider>
82        <provider
82-->[androidx.emoji2:emoji2:1.2.0] AndroidManifest.xml:24:9-32:20
83            android:name="androidx.startup.InitializationProvider"
83-->[androidx.emoji2:emoji2:1.2.0] AndroidManifest.xml:25:13-67
84            android:authorities="com.doerfelverse.twa.androidx-startup"
84-->[androidx.emoji2:emoji2:1.2.0] AndroidManifest.xml:26:13-68
85            android:exported="false" >
85-->[androidx.emoji2:emoji2:1.2.0] AndroidManifest.xml:27:13-37
86            <meta-data
86-->[androidx.emoji2:emoji2:1.2.0] AndroidManifest.xml:29:13-31:52
87                android:name="androidx.emoji2.text.EmojiCompatInitializer"
87-->[androidx.emoji2:emoji2:1.2.0] AndroidManifest.xml:30:17-75
88                android:value="androidx.startup" />
88-->[androidx.emoji2:emoji2:1.2.0] AndroidManifest.xml:31:17-49
89            <meta-data
89-->[androidx.lifecycle:lifecycle-process:2.4.1] AndroidManifest.xml:31:13-33:52
90                android:name="androidx.lifecycle.ProcessLifecycleInitializer"
90-->[androidx.lifecycle:lifecycle-process:2.4.1] AndroidManifest.xml:32:17-78
91                android:value="androidx.startup" />
91-->[androidx.lifecycle:lifecycle-process:2.4.1] AndroidManifest.xml:33:17-49
92        </provider>
93    </application>
94
95</manifest>